
=== Tue Mar  2 18:10:43 2021

Packages were changed.
Update Mode: updateDependencies

The following packages were added:
  com.unity.2d.sprite@1.0.0
  com.unity.2d.tilemap@1.0.0

=== Tue Mar  2 18:38:41 2021

Packages were changed.
Update Mode: resetToDefaultDependencies

The following packages were updated:
  com.unity.timeline from version 1.2.14 to 1.3.5
The following packages were removed:
  com.unity.2d.sprite@1.0.0
  com.unity.2d.tilemap@1.0.0
  com.unity.cinemachine@2.6.3
  com.unity.shadergraph@8.2.0

=== Sat Sep 11 20:13:15 2021

Packages were changed.
Update Mode: updateDependencies

The following packages were updated:
  com.unity.collab-proxy from version 1.3.9 to 1.7.1
  com.unity.ide.rider from version 1.2.1 to 2.0.7
  com.unity.ide.visualstudio from version 2.0.2 to 2.0.9
  com.unity.ide.vscode from version 1.2.1 to 1.2.3
  com.unity.render-pipelines.universal from version 8.2.0 to 10.5.0
  com.unity.test-framework from version 1.1.16 to 1.1.27
  com.unity.textmeshpro from version 3.0.1 to 3.0.6
  com.unity.timeline from version 1.3.5 to 1.4.8

=== Mon Sep 13 14:44:18 2021

Packages were changed.
Update Mode: resetToDefaultDependencies

The following packages were updated:
  com.unity.collab-proxy from version 1.7.1 to 1.3.9
  com.unity.ide.rider from version 2.0.7 to 1.2.1
  com.unity.ide.visualstudio from version 2.0.9 to 2.0.2
  com.unity.ide.vscode from version 1.2.3 to 1.2.1
  com.unity.test-framework from version 1.1.27 to 1.1.16
  com.unity.textmeshpro from version 3.0.6 to 3.0.1
  com.unity.timeline from version 1.4.8 to 1.3.5
The following packages were removed:
  com.unity.device-simulator@2.2.4-preview
  com.unity.render-pipelines.universal@10.5.1
